--- Startup times for process: Primary/TUI ---

times in msec
 clock   self+sourced   self:  sourced script
 clock   elapsed:              other lines

000.011  000.011: --- NVIM STARTING ---
000.230  000.218: event init
000.388  000.158: early init
019.117  018.729: locale set
019.170  000.053: init first window
019.913  000.742: inits 1
020.328  000.415: window checked
020.339  000.011: parsing arguments
021.729  000.484  000.484: require('vim.shared')
022.751  000.409  000.409: require('vim.inspect')
023.804  001.031  001.031: require('vim._options')
023.843  002.063  000.623: require('vim._editor')
023.860  002.757  000.209: require('vim._init_packages')
023.907  000.812: init lua interpreter
030.946  007.039: --- NVIM STARTED ---

--- Startup times for process: Embedded ---

times in msec
 clock   self+sourced   self:  sourced script
 clock   elapsed:              other lines

000.008  000.008: --- NVIM STARTING ---
000.075  000.067: event init
000.237  000.162: early init
020.951  020.714: locale set
021.037  000.086: init first window
023.351  002.314: inits 1
023.628  000.277: window checked
023.645  000.017: parsing arguments
026.375  000.485  000.485: require('vim.shared')
027.101  000.222  000.222: require('vim.inspect')
027.508  000.388  000.388: require('vim._options')
027.515  001.126  000.516: require('vim._editor')
027.519  001.863  000.252: require('vim._init_packages')
027.532  002.024: init lua interpreter
028.171  000.639: expanding arguments
028.194  000.023: inits 2
028.542  000.348: init highlight
028.545  000.003: waiting for UI
028.742  000.196: done waiting for UI
028.750  000.008: clear screen
029.130  000.048  000.048: require('vim.keymap')
040.810  011.044  011.044: require('vim.termcap')
042.447  001.589  001.589: require('vim.text')
057.094  028.339  015.658: require('vim._defaults')
057.108  000.019: init default mappings & autocommands
058.185  000.119  000.119: sourcing D:\Software\Neovim\share\nvim\runtime\ftplugin.vim
059.286  000.065  000.065: sourcing D:\Software\Neovim\share\nvim\runtime\indent.vim
071.714  007.635  007.635: sourcing C:\Users\Admin\AppData\Local\nvim-data\site\pack\packer\start\doom-themes.nvim\colors\doom-gruvbox.vim
076.561  004.489  004.489: require('keymaps')
077.349  000.701  000.701: require('autocmds')
077.599  000.240  000.240: require('utils')
088.389  010.230  010.230: require('lazy')
088.513  000.047  000.047: require('ffi')
090.865  001.101  001.101: require('vim.fs')
094.029  003.120  003.120: require('vim.uri')
094.073  005.542  001.321: require('vim.loader')
095.006  000.822  000.822: require('lazy.stats')
095.479  000.245  000.245: require('lazy.core.util')
095.734  000.246  000.246: require('lazy.core.config')
096.320  000.318  000.318: require('lazy.core.handler')
097.024  000.256  000.256: require('lazy.pkg')
097.037  000.473  000.217: require('lazy.core.meta')
097.045  000.717  000.243: require('lazy.core.plugin')
097.056  001.315  000.281: require('lazy.core.loader')
097.916  000.236  000.236: require('lazy.core.fragments')
118.496  000.510  000.510: require('lazy.core.handler.cmd')
118.874  000.358  000.358: require('lazy.core.handler.event')
119.210  000.324  000.324: require('lazy.core.handler.keys')
119.436  000.215  000.215: require('lazy.core.handler.ft')
125.599  004.832  004.832: sourcing D:\Software\Neovim\share/nvim/runtime/filetype.lua
127.940  000.128  000.128: sourcing C:/Users/Admin/AppData/Local/nvim-data/lazy/plenary.nvim/plugin/plenary.vim
129.050  000.630  000.630: sourcing C:/Users/Admin/AppData/Local/nvim-data/lazy/telescope.nvim/plugin/telescope.lua
135.668  006.500  006.500: require('telescope.builtin')
139.022  000.194  000.194: sourcing C:/Users/Admin/AppData/Local/nvim-data/lazy/nvim-transparent/plugin/transparent.vim
139.942  000.283  000.283: require('transparent.config')
140.249  000.294  000.294: require('transparent.cache')
140.433  001.306  000.729: require('transparent')
143.249  000.241  000.241: sourcing C:/Users/Admin/AppData/Local/nvim-data/lazy/coc.nvim/plugin/coc.lua
145.904  000.289  000.289: sourcing C:\Users\Admin\AppData\Local\nvim-data\lazy\coc.nvim\autoload\coc\rpc.vim
146.946  000.554  000.554: sourcing C:\Users\Admin\AppData\Local\nvim-data\lazy\coc.nvim\autoload\coc\util.vim
159.265  000.292  000.292: sourcing C:\Users\Admin\AppData\Local\nvim-data\lazy\coc.nvim\autoload\coc\client.vim
186.138  042.627  041.492: sourcing C:/Users/Admin/AppData/Local/nvim-data/lazy/coc.nvim/plugin/coc.vim
188.750  000.289  000.289: sourcing C:/Users/Admin/AppData/Local/nvim-data/lazy/vimtex/plugin/vimtex.vim
189.770  000.129  000.129: sourcing C:/Users/Admin/AppData/Local/nvim-data/lazy/vimtex/ftdetect/cls.vim
190.372  000.131  000.131: sourcing C:/Users/Admin/AppData/Local/nvim-data/lazy/vimtex/ftdetect/tex.vim
190.919  000.113  000.113: sourcing C:/Users/Admin/AppData/Local/nvim-data/lazy/vimtex/ftdetect/tikz.vim
195.047  000.313  000.313: require('outline.utils')
195.087  000.695  000.382: require('outline.config')
195.099  001.075  000.380: require('outline.preview')
195.968  000.357  000.357: require('outline.highlight')
195.986  000.879  000.522: require('outline.view')
216.051  020.058  020.058: require('outline.folding')
217.040  000.443  000.443: require('outline.utils.lsp')
217.453  000.391  000.391: require('outline.symbols')
217.800  000.331  000.331: require('outline.utils.init')
217.816  001.743  000.578: require('outline.parser')
218.169  000.344  000.344: require('outline.providers.init')
218.204  024.549  000.449: require('outline.sidebar')
218.223  024.943  000.394: require('outline')
220.093  001.861  001.861: require('vim.version')
228.423  001.319  001.319: sourcing C:/Users/Admin/AppData/Local/nvim-data/lazy/leap.nvim/plugin/init.lua
229.202  000.506  000.506: require('leap')
229.690  000.466  000.466: require('leap.user')
235.042  000.133  000.133: sourcing C:/Users/Admin/AppData/Local/nvim-data/lazy/nvim-web-devicons/plugin/nvim-web-devicons.vim
236.260  000.483  000.483: require('nvim-tree.log')
238.599  000.767  000.767: require('nvim-tree.notify')
238.629  001.734  000.967: require('nvim-tree.events')
239.776  000.464  000.464: require('nvim-tree.iterators.node-iterator')
239.923  001.288  000.824: require('nvim-tree.utils')
239.960  003.678  000.657: require('nvim-tree.view')
241.722  000.438  000.438: require('nvim-tree.core')
243.130  000.806  000.806: require('nvim-tree.git.utils')
243.773  000.622  000.622: require('nvim-tree.renderer.components.devicons')
245.147  000.661  000.661: require('nvim-tree.classic')
245.181  001.392  000.731: require('nvim-tree.node')
245.291  003.550  000.730: require('nvim-tree.node.directory')
245.307  004.394  000.406: require('nvim-tree.actions.finders.find-file')
245.773  000.456  000.456: require('nvim-tree.actions.finders.search-node')
245.791  005.300  000.450: require('nvim-tree.actions.finders')
247.044  000.392  000.392: require('nvim-tree.node.file')
247.068  000.797  000.405: require('nvim-tree.actions.fs.create-file')
247.820  000.321  000.321: require('nvim-tree.lib')
248.553  000.354  000.354: require('nvim-tree.node.link')
248.579  000.743  000.389: require('nvim-tree.node.directory-link')
248.590  001.512  000.448: require('nvim-tree.actions.fs.remove-file')
248.910  000.312  000.312: require('nvim-tree.actions.fs.rename-file')
249.209  000.287  000.287: require('nvim-tree.actions.fs.trash')
249.221  003.419  000.511: require('nvim-tree.actions.fs')
250.273  000.341  000.341: require('nvim-tree.diagnostics')
250.291  000.705  000.364: require('nvim-tree.actions.moves.item')
250.571  000.273  000.273: require('nvim-tree.actions.moves.parent')
250.905  000.323  000.323: require('nvim-tree.actions.moves.sibling')
250.916  001.688  000.387: require('nvim-tree.actions.moves')
251.532  000.289  000.289: require('nvim-tree.actions.node.file-popup')
251.845  000.301  000.301: require('nvim-tree.actions.node.open-file')
252.132  000.275  000.275: require('nvim-tree.actions.node.run-command')
252.500  000.357  000.357: require('nvim-tree.actions.node.system-open')
252.513  001.590  000.369: require('nvim-tree.actions.node')
253.105  000.271  000.271: require('nvim-tree.actions.root.change-dir')
253.502  000.377  000.377: require('nvim-tree.actions.root.dir-up')
253.522  001.001  000.353: require('nvim-tree.actions.root')
254.433  000.397  000.397: require('nvim-tree.actions.tree.find-file')
255.370  000.345  000.345: require('nvim-tree.actions.tree.modifiers.collapse-all')
255.738  000.344  000.344: require('nvim-tree.actions.tree.modifiers.expand-all')
255.749  001.288  000.598: require('nvim-tree.actions.tree.modifiers')
256.019  000.263  000.263: require('nvim-tree.actions.tree.open')
256.261  000.231  000.231: require('nvim-tree.actions.tree.toggle')
256.505  000.234  000.234: require('nvim-tree.actions.tree.resize')
256.539  003.006  000.593: require('nvim-tree.actions.tree')
256.545  016.578  000.574: require('nvim-tree.actions')
257.263  000.044  000.044: require('vim.F')
257.397  000.731  000.687: require('vim.diagnostic')
257.440  022.194  000.725: require('nvim-tree')
257.777  000.307  000.307: require('nvim-tree.legacy')
260.725  000.504  000.504: require('nvim-tree.keymap')
261.281  000.525  000.525: require('nvim-tree.appearance')
263.102  000.399  000.399: require('nvim-tree.buffers')
264.164  000.473  000.473: require('nvim-tree.git.runner')
264.788  000.604  000.604: require('nvim-tree.watcher')
264.839  001.708  000.631: require('nvim-tree.git')
265.707  000.373  000.373: require('nvim-tree.node.file-link')
265.727  000.876  000.503: require('nvim-tree.node.factory')
266.082  000.347  000.347: require('nvim-tree.node.root')
266.720  000.283  000.283: require('nvim-tree.enum')
266.743  000.647  000.364: require('nvim-tree.explorer.filters')
267.101  000.352  000.352: require('nvim-tree.marks')
267.414  000.305  000.305: require('nvim-tree.explorer.live-filter')
267.745  000.321  000.321: require('nvim-tree.explorer.sorter')
268.101  000.346  000.346: require('nvim-tree.actions.fs.clipboard')
269.416  000.398  000.398: require('nvim-tree.renderer.decorator')
269.433  000.694  000.296: require('nvim-tree.renderer.decorator.bookmarks')
269.744  000.305  000.305: require('nvim-tree.renderer.decorator.copied')
270.546  000.792  000.792: require('nvim-tree.renderer.decorator.cut')
271.438  000.852  000.852: require('nvim-tree.renderer.decorator.diagnostics')
272.232  000.769  000.769: require('nvim-tree.renderer.decorator.git')
272.653  000.404  000.404: require('nvim-tree.renderer.decorator.hidden')
272.943  000.280  000.280: require('nvim-tree.renderer.decorator.modified')
273.223  000.269  000.269: require('nvim-tree.renderer.decorator.opened')
273.545  000.313  000.313: require('nvim-tree.renderer.decorator.user')
273.949  000.395  000.395: require('nvim-tree.renderer.components.padding')
274.056  005.625  000.552: require('nvim-tree.renderer.builder')
274.103  005.993  000.367: require('nvim-tree.renderer')
274.147  012.235  000.941: require('nvim-tree.explorer')
274.943  000.789  000.789: require('nvim-tree.explorer.watch')
276.291  000.473  000.473: require('nvim-tree.renderer.components.full-name')
276.320  001.341  000.869: require('nvim-tree.renderer.components')
278.524  001.102  001.102: require('nvim-web-devicons.icons-default')
278.858  002.529  001.427: require('nvim-web-devicons')
283.717  000.433  000.433: require('nvim-tree.help')
284.614  000.547  000.547: require('nvim-tree.appearance.hi-test')
284.740  001.001  000.453: require('nvim-tree.api')
285.429  000.557  000.557: require('nvim-tree.commands')
288.592  001.331  001.331: require('bufferline.lazy')
289.101  000.472  000.472: require('bufferline.commands')
289.632  000.508  000.508: require('bufferline.config')
289.673  003.712  001.402: require('bufferline')
290.656  000.443  000.443: require('bufferline.utils')
290.678  000.862  000.419: require('bufferline.groups')
291.045  000.279  000.279: require('bufferline.constants')
291.323  000.263  000.263: require('bufferline.colors')
291.902  000.332  000.332: require('bufferline.highlights')
295.364  002.377  002.377: require('bufferline.hover')
296.164  000.665  000.665: require('bufferline.ui')
299.799  000.219  000.219: require('notify.util.queue')
299.815  000.560  000.341: require('notify.util')
300.134  000.313  000.313: require('notify.config.highlights')
300.147  001.262  000.388: require('notify.config')
300.891  000.368  000.368: require('notify.stages')
301.306  000.399  000.399: require('notify.service.notification')
302.583  000.339  000.339: require('notify.animate.spring')
302.603  000.797  000.458: require('notify.animate')
302.617  001.298  000.501: require('notify.windows')
303.797  000.392  000.392: require('notify.service.buffer.highlights')
303.833  000.820  000.428: require('notify.service.buffer')
303.844  001.220  000.400: require('notify.service')
304.238  000.387  000.387: require('notify.stages.util')
304.257  004.104  000.432: require('notify.instance')
304.273  005.733  000.368: require('notify')
306.353  002.033  002.033: require('notify.stages.static')
310.214  000.845  000.845: require('telescope._extensions')
310.234  003.560  002.715: require('telescope')
312.726  000.240  000.240: require('plenary.tbl')
312.744  000.483  000.243: require('plenary.vararg.rotate')
312.749  000.730  000.247: require('plenary.vararg')
312.982  000.228  000.228: require('plenary.errors')
313.228  000.238  000.238: require('plenary.functional')
313.240  001.438  000.242: require('plenary.async.async')
314.306  000.383  000.383: require('plenary.async.structs')
314.335  000.639  000.256: require('plenary.async.control')
314.379  000.901  000.263: require('plenary.async.util')
314.390  001.145  000.243: require('plenary.async.tests')
314.396  003.031  000.448: require('plenary.async')
317.856  000.931  000.931: require('plenary.bit')
317.897  001.834  000.903: require('plenary.path')
317.905  002.376  000.542: require('plenary.strings')
317.912  002.960  000.584: require('plenary.window.border')
318.253  000.336  000.336: require('plenary.window')
318.468  000.204  000.204: require('plenary.popup.utils')
318.479  004.078  000.578: require('plenary.popup')
319.906  000.397  000.397: require('telescope.deprecated')
321.245  000.428  000.428: require('plenary.log')
321.292  000.913  000.485: require('telescope.log')
322.327  000.288  000.288: require('plenary.compat')
322.374  000.643  000.356: require('plenary.job')
322.912  000.530  000.530: require('telescope.state')
323.023  001.725  000.552: require('telescope.utils')
323.039  003.122  000.484: require('telescope.sorters')
325.056  005.968  002.449: require('telescope.config')
326.072  000.975  000.975: require('telescope.pickers.scroller')
326.893  000.800  000.800: require('telescope.actions.state')
327.694  000.782  000.782: require('telescope.actions.utils')
329.349  000.807  000.807: require('telescope.actions.mt')
329.391  001.679  000.871: require('telescope.actions.set')
330.956  000.798  000.798: require('telescope.config.resolve')
330.978  001.574  000.776: require('telescope.pickers.entry_display')
331.726  000.735  000.735: require('telescope.from_entry')
332.231  013.748  001.235: require('telescope.actions')
333.264  001.008  001.008: require('telescope.debounce')
334.349  001.063  001.063: require('telescope.mappings')
335.048  000.675  000.675: require('telescope.pickers.highlights')
335.655  000.591  000.591: require('telescope.pickers.window')
336.699  000.523  000.523: require('telescope.algos.linked_list')
336.720  001.051  000.528: require('telescope.entry_manager')
337.363  000.635  000.635: require('telescope.pickers.multi')
337.405  026.752  000.873: require('telescope.pickers')
338.881  000.889  000.889: require('telescope.make_entry')
339.739  000.831  000.831: require('telescope.finders.async_static_finder')
341.719  000.404  000.404: require('plenary.class')
341.783  001.210  000.807: require('telescope._')
341.797  002.036  000.826: require('telescope.finders.async_oneshot_finder')
342.560  000.752  000.752: require('telescope.finders.async_job_finder')
342.607  005.194  000.686: require('telescope.finders')
344.271  000.883  000.883: require('telescope.previewers.previewer')
346.111  000.305  000.305: require('plenary.context_manager')
347.274  000.440  000.440: require('nvim-treesitter.utils')
349.740  000.432  000.432: require('vim.treesitter.language')
350.102  000.344  000.344: require('vim.func')
350.466  000.347  000.347: require('vim.func._memoize')
350.587  001.664  000.540: require('vim.treesitter.query')
350.962  000.366  000.366: require('vim.treesitter._range')
350.998  002.503  000.473: require('vim.treesitter.languagetree')
351.015  002.960  000.457: require('vim.treesitter')
353.976  006.687  003.727: require('nvim-treesitter.parsers')
356.925  000.458  000.458: require('nvim-treesitter.compat')
358.146  000.642  000.642: require('nvim-treesitter.ts_utils')
358.173  001.220  000.579: require('nvim-treesitter.tsrange')
358.646  000.465  000.465: require('nvim-treesitter.caching')
358.700  002.906  000.763: require('nvim-treesitter.query')
358.936  004.397  001.490: require('nvim-treesitter.configs')
358.961  004.965  000.569: require('nvim-treesitter.info')
359.734  000.761  000.761: require('nvim-treesitter.shell_command_selectors')
359.949  013.493  000.641: require('nvim-treesitter.install')
360.627  000.656  000.656: require('nvim-treesitter.statusline')
361.257  000.609  000.609: require('nvim-treesitter.query_predicates')
361.285  015.154  000.396: require('nvim-treesitter')
361.311  016.116  000.657: require('telescope.previewers.utils')
423.329  079.037  062.921: require('telescope.previewers.term_previewer')
432.218  007.089  007.089: require('plenary.filetype')
433.898  001.653  001.653: require('plenary.scandir')
491.673  068.239  059.497: require('telescope.previewers.buffer_previewer')
491.725  149.104  000.945: require('telescope.previewers')
491.772  181.530  000.480: require('telescope._extensions.notify')
505.103  003.546  003.546: require('telescope._extensions.file_browser.utils')
512.056  002.627  002.627: require('vim.lsp.log')
513.611  001.524  001.524: require('vim.lsp.protocol')
515.421  000.883  000.883: require('vim.lsp._snippet_grammar')
516.101  000.656  000.656: require('vim.highlight')
516.178  002.541  001.002: require('vim.lsp.util')
517.367  000.554  000.554: require('vim.lsp.sync')
517.415  001.222  000.668: require('vim.lsp._changetracking')
518.208  000.777  000.777: require('vim.lsp.rpc')
518.433  011.209  002.517: require('vim.lsp')
518.462  013.328  002.119: require('telescope._extensions.file_browser.lsp')
518.588  018.501  001.627: require('telescope._extensions.file_browser.actions')
566.459  000.700  000.700: require('telescope._extensions.file_browser.git')
567.212  000.723  000.723: require('telescope._extensions.file_browser.make_entry_utils')
567.966  000.725  000.725: require('telescope._extensions.file_browser.fs_stat')
567.993  002.998  000.850: require('telescope._extensions.file_browser.make_entry')
568.013  003.925  000.926: require('telescope._extensions.file_browser.finders')
588.188  001.604  001.604: require('ufo.utils')
588.243  009.394  007.790: require('ufo')
590.642  000.670  000.670: require('ufo.lib.disposable')
591.793  001.113  001.113: require('ufo.lib.log')
591.840  002.648  000.865: require('ufo.lib.event')
598.470  000.469  000.469: require('promise-async.utils')
600.707  002.211  002.211: require('promise-async.error')
601.901  001.083  001.083: require('promise-async.loop')
601.942  007.394  003.631: require('promise')
601.961  010.101  002.707: require('ufo.provider')
604.073  001.389  001.389: require('ufo.config')
606.276  000.868  000.868: require('promise-async.compat')
606.331  002.059  001.191: require('async')
607.683  000.418  000.418: require('ufo.model.buffer')
608.211  000.505  000.505: require('ufo.model.foldedline')
609.525  000.480  000.480: require('ufo.highlight')
609.971  000.418  000.418: require('ufo.render.extmark')
613.817  003.440  003.440: require('vim.treesitter.highlighter')
613.846  003.853  000.412: require('ufo.render.treesitter')
614.394  000.535  000.535: require('ufo.render.match')
614.424  006.187  000.901: require('ufo.render')
614.447  007.582  000.472: require('ufo.model.foldbuffer')
614.937  000.478  000.478: require('ufo.bufmanager')
616.109  000.490  000.490: require('ufo.wffi')
616.130  001.172  000.682: require('ufo.fold.driver')
616.152  009.793  000.562: require('ufo.fold.manager')
616.658  000.488  000.488: require('ufo.lib.debounce')
616.694  014.720  000.990: require('ufo.fold')
617.667  000.449  000.449: require('ufo.model.window')
617.695  000.990  000.541: require('ufo.decorator')
618.820  000.515  000.515: require('ufo.preview.floatwin')
619.289  000.447  000.447: require('ufo.preview.scrollbar')
619.909  000.603  000.603: require('ufo.preview.winbar')
620.598  000.655  000.655: require('ufo.preview.keymap')
620.635  002.929  000.709: require('ufo.preview')
620.652  032.391  001.003: require('ufo.main')
635.268  001.239  001.239: require('vim.ui')
635.310  001.821  000.582: require('dressing.patch')
635.325  008.187  006.365: require('dressing')
635.369  008.556  000.370: sourcing C:/Users/Admin/AppData/Local/nvim-data/lazy/dressing.nvim/plugin/dressing.lua
638.283  002.722  002.722: require('dressing.config')
648.722  000.323  000.323: require('ibl.utils')
648.744  000.646  000.324: require('ibl.config')
649.366  000.334  000.334: require('ibl.indent')
649.388  000.638  000.303: require('ibl.hooks')
649.400  001.599  000.315: require('ibl.highlights')
649.745  000.335  000.335: require('ibl.autocmds')
650.199  000.439  000.439: require('ibl.inlay_hints')
650.512  000.302  000.302: require('ibl.virt_text')
651.242  000.481  000.481: require('ibl.scope_languages')
651.255  000.727  000.246: require('ibl.scope')
651.268  007.260  003.857: require('ibl')
652.062  000.543  000.543: require('vim.iter')
652.557  000.423  000.423: require('vim.lsp.handlers')
674.188  000.396  000.396: require('noice.util.lazy')
674.215  006.215  005.819: require('noice')
675.234  000.622  000.622: require('vim.health')
675.933  000.288  000.288: require('noice.util.call')
675.966  000.712  000.424: require('noice.util')
675.976  001.751  000.417: require('noice.health')
676.395  000.367  000.367: require('noice.config')
683.170  006.423  006.423: require('alpha.themes.dashboard')
684.592  001.364  001.364: require('alpha')
706.290  006.058  006.058: require('incline.helpers')
707.278  000.191  000.191: require('incline.config.transform')
707.293  000.418  000.227: require('incline.config.schema')
707.562  000.264  000.264: require('incline.config.validate')
707.687  001.119  000.438: require('incline.config')
708.094  000.192  000.192: require('incline.util')
708.280  000.178  000.178: require('incline.debounce')
708.930  000.235  000.235: require('incline.highlight')
708.946  000.477  000.242: require('incline.winline')
708.953  000.664  000.188: require('incline.tabpage')
708.962  001.269  000.234: require('incline.manager')
708.968  002.660  000.273: require('incline')
721.061  001.159  001.159: require('lualine_require')
725.210  011.749  010.590: require('lualine')
731.451  000.454  000.454: require('lualine.highlight')
745.794  000.341  000.341: require('lualine.utils.mode')
749.764  000.394  000.394: sourcing C:/Users/Admin/AppData/Local/nvim-data/lazy/github-nvim-theme/plugin/github_theme.lua
754.596  000.680  000.680: sourcing C:/Users/Admin/AppData/Local/nvim-data/lazy/vim-floaterm/plugin/floaterm.vim
757.953  000.457  000.457: sourcing D:\Software\Neovim\share/nvim/runtime/plugin/editorconfig.lua
758.989  000.484  000.484: sourcing D:\Software\Neovim\share/nvim/runtime/plugin/gzip.vim
760.030  000.418  000.418: sourcing D:\Software\Neovim\share/nvim/runtime/plugin/man.lua
774.303  000.956  000.956: sourcing D:\Software\Neovim\share\nvim\runtime\pack\dist\opt\matchit\plugin\matchit.vim
775.509  014.828  013.872: sourcing D:\Software\Neovim\share/nvim/runtime/plugin/matchit.vim
777.856  000.632  000.632: sourcing D:\Software\Neovim\share/nvim/runtime/plugin/matchparen.vim
784.212  004.137  004.137: sourcing D:\Software\Neovim\share/nvim/runtime/plugin/netrwPlugin.vim
790.156  002.068  002.068: sourcing D:\Software\Neovim\share/nvim/runtime/plugin/osc52.lua
798.301  000.626  000.626: sourcing C:\Users\Admin\AppData\Local\nvim-data/rplugin.vim
798.714  005.505  004.879: sourcing D:\Software\Neovim\share/nvim/runtime/plugin/rplugin.vim
801.304  000.906  000.906: sourcing D:\Software\Neovim\share/nvim/runtime/plugin/shada.vim
806.840  000.379  000.379: sourcing D:\Software\Neovim\share/nvim/runtime/plugin/spellfile.vim
811.525  000.429  000.429: sourcing D:\Software\Neovim\share/nvim/runtime/plugin/tarPlugin.vim
812.849  000.433  000.433: sourcing D:\Software\Neovim\share/nvim/runtime/plugin/tohtml.lua
813.462  000.114  000.114: sourcing D:\Software\Neovim\share/nvim/runtime/plugin/tutor.vim
814.215  000.242  000.242: sourcing D:\Software\Neovim\share/nvim/runtime/plugin/zipPlugin.vim
815.202  000.305  000.305: sourcing C:\Users\Admin\AppData\Local\nvim-data\lazy\indent-blankline.nvim\after/plugin/commands.lua
815.372  737.765  234.058: require('lazy_load')
816.164  000.318  000.318: require('project_setup.conventional')
817.222  000.389  000.389: require('project_setup.platformio.utils')
817.241  000.778  000.389: require('project_setup.platformio.piocmd')
817.551  000.302  000.302: require('project_setup.platformio.piodb')
817.887  000.324  000.324: require('project_setup.platformio.piodebug')
818.630  000.381  000.381: require('project_setup.platformio.setup')
818.653  000.755  000.374: require('project_setup.platformio.pioinit')
819.426  000.473  000.473: require('plenary.curl')
819.442  000.781  000.309: require('project_setup.platformio.piolib')
819.701  000.253  000.253: require('project_setup.platformio.piomon')
819.938  000.229  000.229: require('project_setup.platformio.piorun')
819.988  003.811  000.390: require('project_setup.platformio')
820.800  005.326  001.197: require('project_setup')
820.817  759.886  003.731: sourcing C:\Users\Admin\AppData\Local\nvim\init.lua
820.962  003.784: sourcing vimrc file(s)
831.977  000.372  000.372: sourcing D:\Software\Neovim\share\nvim\runtime\filetype.lua
834.511  000.168  000.168: sourcing D:\Software\Neovim\share\nvim\runtime\syntax\synload.vim
834.714  001.562  001.394: sourcing D:\Software\Neovim\share/nvim/runtime/syntax/syntax.vim
834.750  011.854: inits 3
836.968  002.219: reading ShaDa
839.492  000.350  000.350: sourcing C:\Users\Admin\AppData\Local\nvim-data\lazy\coc.nvim\autoload\coc\window.vim
840.377  003.059: opening buffers
841.112  000.673  000.673: require('coc.diagnostic')
842.343  000.806  000.806: require('bufferline.state')
842.517  000.661: BufEnter autocommands
842.527  000.011: editing files in windows
842.544  000.017: --- NVIM STARTED ---

