--- Startup times for process: Primary/TUI ---

times in msec
 clock   self+sourced   self:  sourced script
 clock   elapsed:              other lines

000.037  000.037: --- NVIM STARTING ---
000.228  000.191: event init
000.565  000.337: early init
020.191  019.626: locale set
020.245  000.054: init first window
021.023  000.778: inits 1
021.420  000.397: window checked
021.434  000.015: parsing arguments
023.411  000.753  000.753: require('vim.shared')
024.541  000.305  000.305: require('vim.inspect')
025.070  000.504  000.504: require('vim._options')
025.080  001.645  000.836: require('vim._editor')
025.085  002.616  000.217: require('vim._init_packages')
025.106  001.056: init lua interpreter
033.294  008.188: --- NVIM STARTED ---

--- Startup times for process: Embedded ---

times in msec
 clock   self+sourced   self:  sourced script
 clock   elapsed:              other lines

000.014  000.014: --- NVIM STARTING ---
000.166  000.151: event init
000.362  000.197: early init
026.214  025.852: locale set
026.383  000.169: init first window
027.108  000.725: inits 1
027.267  000.160: window checked
027.282  000.015: parsing arguments
029.482  000.902  000.902: require('vim.shared')
031.215  000.711  000.711: require('vim.inspect')
031.918  000.650  000.650: require('vim._options')
031.929  002.426  001.065: require('vim._editor')
031.935  003.623  000.295: require('vim._init_packages')
031.953  001.048: init lua interpreter
032.578  000.624: expanding arguments
032.628  000.051: inits 2
033.349  000.721: init highlight
033.420  000.071: waiting for UI
034.158  000.738: done waiting for UI
034.207  000.049: clear screen
035.568  000.570  000.570: require('vim.keymap')
051.454  013.775  013.775: require('vim.termcap')
053.245  001.632  001.632: require('vim.text')
074.406  040.172  024.194: require('vim._defaults')
074.463  000.085: init default mappings & autocommands
077.571  000.141  000.141: sourcing D:\Software\Neovim\share\nvim\runtime\ftplugin.vim
078.859  000.091  000.091: sourcing D:\Software\Neovim\share\nvim\runtime\indent.vim
090.430  010.079  010.079: sourcing C:\Users\Admin\AppData\Local\nvim-data\site\pack\packer\start\doom-themes.nvim\colors\doom-gruvbox.vim
091.696  001.201  001.201: require('keymaps')
092.054  000.348  000.348: require('autocmds')
092.251  000.187  000.187: require('utils')
101.262  008.656  008.656: require('lazy')
101.360  000.050  000.050: require('ffi')
102.870  000.571  000.571: require('vim.fs')
106.554  003.657  003.657: require('vim.uri')
106.617  005.246  001.018: require('vim.loader')
107.865  001.100  001.100: require('lazy.stats')
108.534  000.335  000.335: require('lazy.core.util')
108.919  000.367  000.367: require('lazy.core.config')
109.605  000.296  000.296: require('lazy.core.handler')
110.418  000.271  000.271: require('lazy.pkg')
110.430  000.580  000.309: require('lazy.core.meta')
110.446  000.831  000.251: require('lazy.core.plugin')
110.457  001.528  000.401: require('lazy.core.loader')
111.389  000.273  000.273: require('lazy.core.fragments')
124.516  000.411  000.411: require('lazy.core.handler.keys')
125.381  000.413  000.413: require('lazy.core.handler.event')
125.400  000.856  000.442: require('lazy.core.handler.ft')
125.778  000.369  000.369: require('lazy.core.handler.cmd')
128.826  002.062  002.062: sourcing D:\Software\Neovim\share/nvim/runtime/filetype.lua
171.178  042.000  042.000: require('incline.helpers')
175.326  000.341  000.341: require('vim.F')
177.199  001.831  001.831: require('nvim-web-devicons.icons-default')
177.481  006.275  004.102: require('nvim-web-devicons')
231.566  013.598  013.598: require('incline.config.transform')
231.588  024.314  010.716: require('incline.config.schema')
242.080  010.486  010.486: require('incline.config.validate')
242.212  053.101  018.301: require('incline.config')
265.910  011.170  011.170: require('incline.util')
277.150  011.221  011.221: require('incline.debounce')
314.042  015.271  015.271: require('incline.highlight')
314.067  024.707  009.436: require('incline.winline')
314.074  036.907  012.199: require('incline.tabpage')
314.082  071.862  012.565: require('incline.manager')
314.090  136.600  011.636: require('incline')
323.995  000.693  000.693: require('vim.ui')
324.026  001.158  000.466: require('dressing.patch')
324.036  007.245  006.086: require('dressing')
324.070  007.606  000.361: sourcing C:/Users/Admin/AppData/Local/nvim-data/lazy/dressing.nvim/plugin/dressing.lua
325.060  000.836  000.836: require('dressing.config')
328.594  000.497  000.497: sourcing C:/Users/Admin/AppData/Local/nvim-data/lazy/vim-floaterm/plugin/floaterm.vim
334.975  000.809  000.809: require('ufo.utils')
335.021  003.809  003.001: require('ufo')
336.269  000.247  000.247: require('ufo.lib.disposable')
336.679  000.389  000.389: require('ufo.lib.log')
336.692  000.956  000.320: require('ufo.lib.event')
346.640  004.158  004.158: require('promise-async.utils')
347.202  000.520  000.520: require('promise-async.error')
347.561  000.334  000.334: require('promise-async.loop')
347.596  010.506  005.495: require('promise')
347.607  010.909  000.403: require('ufo.provider')
348.573  000.480  000.480: require('ufo.config')
349.591  000.422  000.422: require('promise-async.compat')
349.611  001.026  000.604: require('async')
351.364  000.378  000.378: require('ufo.model.buffer')
351.728  000.329  000.329: require('ufo.model.foldedline')
352.922  000.801  000.801: require('ufo.highlight')
353.313  000.368  000.368: require('ufo.render.extmark')
355.554  000.324  000.324: require('vim.treesitter.language')
355.976  000.403  000.403: require('vim.func')
356.333  000.338  000.338: require('vim.func._memoize')
356.361  001.579  000.514: require('vim.treesitter.query')
356.696  000.328  000.328: require('vim.treesitter._range')
356.729  002.317  000.410: require('vim.treesitter.languagetree')
356.748  002.769  000.452: require('vim.treesitter')
356.778  003.195  000.425: require('vim.treesitter.highlighter')
356.789  003.457  000.262: require('ufo.render.treesitter')
357.222  000.424  000.424: require('ufo.render.match')
357.243  005.487  000.436: require('ufo.render')
357.257  007.044  000.851: require('ufo.model.foldbuffer')
357.548  000.284  000.284: require('ufo.bufmanager')
358.896  000.321  000.321: require('ufo.wffi')
358.906  001.349  001.028: require('ufo.fold.driver')
358.914  009.293  000.616: require('ufo.fold.manager')
359.189  000.267  000.267: require('ufo.lib.debounce')
359.209  011.595  000.529: require('ufo.fold')
359.807  000.288  000.288: require('ufo.model.window')
359.822  000.606  000.319: require('ufo.decorator')
360.427  000.315  000.315: require('ufo.preview.floatwin')
360.666  000.225  000.225: require('ufo.preview.scrollbar')
360.867  000.192  000.192: require('ufo.preview.winbar')
361.068  000.194  000.194: require('ufo.preview.keymap')
361.083  001.256  000.330: require('ufo.preview')
361.092  026.056  000.732: require('ufo.main')
362.020  000.192  000.192: sourcing C:/Users/Admin/AppData/Local/nvim-data/lazy/github-nvim-theme/plugin/github_theme.lua
367.698  000.141  000.141: sourcing C:/Users/Admin/AppData/Local/nvim-data/lazy/plenary.nvim/plugin/plenary.vim
369.077  000.661  000.661: sourcing C:/Users/Admin/AppData/Local/nvim-data/lazy/telescope.nvim/plugin/telescope.lua
372.238  003.000  003.000: require('telescope.builtin')
462.442  022.835  022.835: require('notify.util.queue')
462.468  046.944  024.109: require('notify.util')
491.844  029.367  029.367: require('notify.config.highlights')
491.873  097.478  021.167: require('notify.config')
526.420  015.361  015.361: require('notify.stages')
546.993  020.551  020.551: require('notify.service.notification')
600.071  012.813  012.813: require('notify.animate.spring')
600.095  029.610  016.797: require('notify.animate')
600.112  053.095  023.485: require('notify.windows')
654.930  017.457  017.457: require('notify.service.buffer.highlights')
654.963  038.930  021.474: require('notify.service.buffer')
654.974  054.855  015.924: require('notify.service')
671.504  016.523  016.523: require('notify.stages.util')
671.532  179.649  019.265: require('notify.instance')
671.557  298.941  021.814: require('notify')
690.614  018.717  018.717: require('notify.stages.static')
691.609  000.440  000.440: require('telescope._extensions')
691.631  000.967  000.527: require('telescope')
715.929  000.215  000.215: require('plenary.tbl')
715.948  000.522  000.307: require('plenary.vararg.rotate')
715.954  001.018  000.496: require('plenary.vararg')
716.243  000.284  000.284: require('plenary.errors')
717.075  000.820  000.820: require('plenary.functional')
717.105  003.201  001.079: require('plenary.async.async')
718.839  000.215  000.215: require('plenary.async.structs')
718.862  000.497  000.282: require('plenary.async.control')
718.872  000.856  000.358: require('plenary.async.util')
718.879  001.766  000.911: require('plenary.async.tests')
719.160  007.435  002.467: require('plenary.async')
720.925  000.267  000.267: require('plenary.bit')
720.970  000.638  000.371: require('plenary.path')
720.980  000.913  000.275: require('plenary.strings')
720.991  001.253  000.340: require('plenary.window.border')
721.304  000.304  000.304: require('plenary.window')
721.583  000.268  000.268: require('plenary.popup.utils')
721.597  002.419  000.594: require('plenary.popup')
722.687  000.295  000.295: require('telescope.deprecated')
723.646  000.407  000.407: require('plenary.log')
723.710  000.745  000.338: require('telescope.log')
724.682  000.246  000.246: require('plenary.compat')
724.704  000.563  000.317: require('plenary.job')
725.087  000.375  000.375: require('telescope.state')
725.177  001.451  000.513: require('telescope.utils')
725.193  002.489  000.294: require('telescope.sorters')
726.949  004.894  002.110: require('telescope.config')
727.620  000.660  000.660: require('telescope.pickers.scroller')
728.098  000.462  000.462: require('telescope.actions.state')
728.419  000.308  000.308: require('telescope.actions.utils')
728.910  000.236  000.236: require('telescope.actions.mt')
728.928  000.501  000.266: require('telescope.actions.set')
729.503  000.293  000.293: require('telescope.config.resolve')
729.512  000.579  000.285: require('telescope.pickers.entry_display')
729.771  000.255  000.255: require('telescope.from_entry')
729.964  008.362  000.703: require('telescope.actions')
730.220  000.248  000.248: require('telescope.debounce')
730.659  000.431  000.431: require('telescope.mappings')
731.027  000.354  000.354: require('telescope.pickers.highlights')
731.361  000.323  000.323: require('telescope.pickers.window')
732.346  000.631  000.631: require('telescope.algos.linked_list')
732.363  000.993  000.362: require('telescope.entry_manager')
732.997  000.626  000.626: require('telescope.pickers.multi')
733.034  022.515  001.324: require('telescope.pickers')
734.907  001.524  001.524: require('telescope.make_entry')
735.319  000.394  000.394: require('telescope.finders.async_static_finder')
736.432  000.241  000.241: require('plenary.class')
736.464  000.707  000.466: require('telescope._')
736.472  001.135  000.429: require('telescope.finders.async_oneshot_finder')
736.761  000.283  000.283: require('telescope.finders.async_job_finder')
736.779  003.739  000.402: require('telescope.finders')
737.527  000.431  000.431: require('telescope.previewers.previewer')
739.017  000.345  000.345: require('plenary.context_manager')
743.398  000.560  000.560: require('nvim-treesitter.utils')
747.751  004.334  004.334: require('nvim-treesitter.parsers')
750.133  000.645  000.645: require('nvim-treesitter.compat')
751.918  001.227  001.227: require('nvim-treesitter.ts_utils')
751.974  001.819  000.592: require('nvim-treesitter.tsrange')
752.604  000.620  000.620: require('nvim-treesitter.caching')
752.654  003.858  000.774: require('nvim-treesitter.query')
752.709  004.437  000.579: require('nvim-treesitter.configs')
752.736  004.947  000.510: require('nvim-treesitter.info')
753.882  001.140  001.140: require('nvim-treesitter.shell_command_selectors')
754.492  011.977  000.996: require('nvim-treesitter.install')
755.025  000.522  000.522: require('nvim-treesitter.statusline')
755.692  000.653  000.653: require('nvim-treesitter.query_predicates')
755.705  015.639  002.487: require('nvim-treesitter')
756.480  016.647  001.008: sourcing C:/Users/Admin/AppData/Local/nvim-data/lazy/nvim-treesitter/plugin/nvim-treesitter.lua
765.965  000.414  000.414: require('nvim-treesitter.indent')
766.329  000.300  000.300: require('nvim-treesitter.highlight')
766.427  027.390  010.029: require('nvim-treesitter')
766.442  028.261  000.525: require('telescope.previewers.utils')
794.819  057.221  028.961: require('telescope.previewers.term_previewer')
797.583  002.141  002.141: require('plenary.filetype')
798.462  000.860  000.860: require('plenary.scandir')
824.955  030.114  027.113: require('telescope.previewers.buffer_previewer')
824.981  088.195  000.429: require('telescope.previewers')
825.003  133.363  018.913: require('telescope._extensions.notify')
828.310  000.449  000.449: require('telescope._extensions.file_browser.utils')
829.568  000.400  000.400: require('vim.lsp.log')
830.287  000.705  000.705: require('vim.lsp.protocol')
831.121  000.363  000.363: require('vim.lsp._snippet_grammar')
831.393  000.260  000.260: require('vim.highlight')
831.421  001.121  000.498: require('vim.lsp.util')
831.947  000.265  000.265: require('vim.lsp.sync')
831.960  000.532  000.267: require('vim.lsp._changetracking')
832.331  000.364  000.364: require('vim.lsp.rpc')
832.448  003.695  000.574: require('vim.lsp')
832.462  004.131  000.436: require('telescope._extensions.file_browser.lsp')
832.521  007.125  002.545: require('telescope._extensions.file_browser.actions')
853.836  000.285  000.285: require('telescope._extensions.file_browser.git')
854.136  000.281  000.281: require('telescope._extensions.file_browser.make_entry_utils')
854.553  000.403  000.403: require('telescope._extensions.file_browser.fs_stat')
854.571  001.342  000.374: require('telescope._extensions.file_browser.make_entry')
854.582  001.822  000.480: require('telescope._extensions.file_browser.finders')
861.046  000.358  000.358: require('outline.utils')
861.082  000.764  000.406: require('outline.config')
861.097  001.189  000.425: require('outline.preview')
861.683  000.295  000.295: require('outline.highlight')
861.698  000.595  000.299: require('outline.view')
861.954  000.249  000.249: require('outline.folding')
862.427  000.258  000.258: require('outline.utils.lsp')
862.701  000.262  000.262: require('outline.symbols')
862.993  000.281  000.281: require('outline.utils.init')
863.002  001.038  000.238: require('outline.parser')
863.255  000.248  000.248: require('outline.providers.init')
863.280  003.938  000.618: require('outline.sidebar')
863.295  007.072  003.135: require('outline')
863.756  000.409  000.409: require('vim.version')
911.501  020.988  020.988: require('lualine_require')
914.750  045.385  024.397: require('lualine')
963.545  039.462  039.462: require('lualine.highlight')
996.927  022.488  022.488: require('lualine.utils.mode')
1016.923  000.727  000.727: require('vim.treesitter._fold')
1018.146  000.196  000.196: sourcing C:/Users/Admin/AppData/Local/nvim-data/lazy/nvim-web-devicons/plugin/nvim-web-devicons.vim
1070.941  021.450  021.450: require('nvim-tree.log')
1115.359  021.729  021.729: require('nvim-tree.iterators.node-iterator')
1115.566  044.600  022.871: require('nvim-tree.utils')
1271.943  020.384  020.384: require('nvim-tree.notify')
1271.976  046.253  025.869: require('nvim-tree.events')
1271.991  068.575  022.321: require('nvim-tree.core')
1315.392  021.111  021.111: require('nvim-tree.git.utils')
1342.703  027.281  027.281: require('nvim-tree.renderer.components.devicons')
1392.155  025.696  025.696: require('nvim-tree.classic')
1392.182  049.436  023.740: require('nvim-tree.node')
1392.202  120.204  022.376: require('nvim-tree.node.directory')
1392.212  214.239  025.461: require('nvim-tree.actions.finders.find-file')
1406.438  014.219  014.219: require('nvim-tree.actions.finders.search-node')
1406.462  250.633  022.174: require('nvim-tree.actions.finders')
1462.053  022.691  022.691: require('nvim-tree.node.file')
1462.081  038.968  016.277: require('nvim-tree.actions.fs.create-file')
1508.939  021.792  021.792: require('nvim-tree.lib')
1558.914  022.033  022.033: require('nvim-tree.node.link')
1559.041  050.066  028.032: require('nvim-tree.node.directory-link')
1559.061  096.971  025.114: require('nvim-tree.actions.fs.remove-file')
1582.430  023.358  023.358: require('nvim-tree.actions.fs.rename-file')
1606.823  024.360  024.360: require('nvim-tree.actions.fs.trash')
1606.860  200.390  016.732: require('nvim-tree.actions.fs')
1678.915  026.973  026.973: require('nvim-tree.diagnostics')
1678.967  049.328  022.356: require('nvim-tree.actions.moves.item')
1701.652  022.666  022.666: require('nvim-tree.actions.moves.parent')
1730.305  028.611  028.611: require('nvim-tree.actions.moves.sibling')
1730.577  123.705  023.100: require('nvim-tree.actions.moves')
1780.416  024.041  024.041: require('nvim-tree.actions.node.file-popup')
1807.130  026.674  026.674: require('nvim-tree.actions.node.open-file')
1835.133  027.585  027.585: require('nvim-tree.actions.node.run-command')
1869.101  033.927  033.927: require('nvim-tree.actions.node.system-open')
1895.603  026.451  026.451: require('nvim-tree.actions.node.buffer')
1895.648  165.043  026.365: require('nvim-tree.actions.node')
1962.349  023.464  023.464: require('nvim-tree.actions.root.change-dir')
1985.186  022.806  022.806: require('nvim-tree.actions.root.dir-up')
1985.239  089.572  043.302: require('nvim-tree.actions.root')
2033.086  021.590  021.590: require('nvim-tree.actions.tree.find-file')
2081.285  025.073  025.073: require('nvim-tree.actions.tree.modifiers.collapse')
2103.676  022.351  022.351: require('nvim-tree.actions.tree.modifiers.expand')
2103.708  070.599  023.174: require('nvim-tree.actions.tree.modifiers')
2125.551  021.831  021.831: require('nvim-tree.actions.tree.open')
2148.279  022.698  022.698: require('nvim-tree.actions.tree.toggle')
2171.091  022.772  022.772: require('nvim-tree.actions.tree.resize')
2171.133  185.875  026.385: require('nvim-tree.actions.tree')
2171.150  1055.569  040.350: require('nvim-tree.actions')
2172.901  001.686  001.686: require('vim.diagnostic')
2173.081  1154.665  031.361: require('nvim-tree')
2196.341  023.177  023.177: require('nvim-tree.legacy')
2221.114  020.764  020.764: require('nvim-tree.keymap')
2242.698  021.552  021.552: require('nvim-tree.appearance')
2287.409  021.433  021.433: require('nvim-tree.buffers')
2327.339  018.282  018.282: require('nvim-tree.git.runner')
2350.991  023.604  023.604: require('nvim-tree.watcher')
2351.046  063.606  021.720: require('nvim-tree.git')
2394.452  021.813  021.813: require('nvim-tree.node.file-link')
2394.485  043.318  021.505: require('nvim-tree.node.factory')
2417.397  022.900  022.900: require('nvim-tree.node.root')
2466.112  020.697  020.697: require('nvim-tree.enum')
2466.173  048.743  028.047: require('nvim-tree.explorer.filters')
2489.282  023.092  023.092: require('nvim-tree.marks')
2510.862  021.542  021.542: require('nvim-tree.explorer.live-filter')
2532.294  021.396  021.396: require('nvim-tree.explorer.sorter')
2556.503  024.172  024.172: require('nvim-tree.actions.fs.clipboard')
2667.325  042.326  042.326: require('nvim-tree.renderer.decorator')
2667.374  066.575  024.249: require('nvim-tree.renderer.decorator.bookmarks')
2690.075  022.683  022.683: require('nvim-tree.renderer.decorator.copied')
2711.725  021.612  021.612: require('nvim-tree.renderer.decorator.cut')
2733.495  021.732  021.732: require('nvim-tree.renderer.decorator.diagnostics')
2756.307  022.775  022.775: require('nvim-tree.renderer.decorator.git')
2778.679  022.335  022.335: require('nvim-tree.renderer.decorator.hidden')
2802.322  023.602  023.602: require('nvim-tree.renderer.decorator.modified')
2823.610  021.259  021.259: require('nvim-tree.renderer.decorator.opened')
2844.751  021.104  021.104: require('nvim-tree.renderer.decorator.user')
2870.063  025.274  025.274: require('nvim-tree.renderer.components.padding')
2871.099  292.323  023.372: require('nvim-tree.renderer.builder')
2871.180  314.638  022.316: require('nvim-tree.renderer')
2919.588  023.289  023.289: require('nvim-tree.globals')
2919.638  048.437  025.148: require('nvim-tree.explorer.view')
2919.727  676.269  022.991: require('nvim-tree.explorer')
2941.353  021.617  021.617: require('nvim-tree.explorer.watch')
3004.728  025.062  025.062: require('nvim-tree.renderer.components.full-name')
3004.760  063.297  038.235: require('nvim-tree.renderer.components')
3037.532  023.960  023.960: require('nvim-tree.help')
3083.502  022.525  022.525: require('nvim-tree.appearance.hi-test')
3083.662  046.098  023.573: require('nvim-tree.api')
3107.903  024.227  024.227: require('nvim-tree.multi-instance-debug')
3129.434  021.380  021.380: require('nvim-tree.commands')
3131.188  000.261  000.261: sourcing C:/Users/Admin/AppData/Local/nvim-data/lazy/nvim-transparent/plugin/transparent.vim
3139.492  000.441  000.441: require('transparent.config')
3139.957  000.439  000.439: require('transparent.cache')
3140.276  008.929  008.049: require('transparent')
3149.731  000.488  000.488: require('ibl.utils')
3149.761  000.972  000.484: require('ibl.config')
3150.605  000.393  000.393: require('ibl.indent')
3150.629  000.857  000.464: require('ibl.hooks')
3150.642  002.312  000.483: require('ibl.highlights')
3151.050  000.397  000.397: require('ibl.autocmds')
3151.790  000.724  000.724: require('ibl.inlay_hints')
3152.425  000.609  000.609: require('ibl.virt_text')
3153.920  000.859  000.859: require('ibl.scope_languages')
3153.950  001.503  000.643: require('ibl.scope')
3153.979  012.501  006.957: require('ibl')
3154.963  000.618  000.618: require('vim.iter')
3155.834  000.660  000.660: require('vim.lsp.handlers')
3157.784  000.390  000.390: sourcing C:/Users/Admin/AppData/Local/nvim-data/lazy/coc.nvim/plugin/coc.lua
3169.528  000.769  000.769: sourcing C:\Users\Admin\AppData\Local\nvim-data\lazy\coc.nvim\autoload\coc\rpc.vim
3175.709  003.380  003.380: sourcing C:\Users\Admin\AppData\Local\nvim-data\lazy\coc.nvim\autoload\coc\util.vim
3209.601  001.206  001.206: sourcing C:\Users\Admin\AppData\Local\nvim-data\lazy\coc.nvim\autoload\coc\client.vim
3241.942  083.666  078.309: sourcing C:/Users/Admin/AppData/Local/nvim-data/lazy/coc.nvim/plugin/coc.vim
3257.253  000.995  000.995: require('bufferline.lazy')
3257.846  000.569  000.569: require('bufferline.commands')
3259.619  001.722  001.722: require('bufferline.config')
3259.647  016.493  013.207: require('bufferline')
3260.596  000.356  000.356: require('bufferline.utils')
3260.615  000.826  000.469: require('bufferline.groups')
3260.972  000.294  000.294: require('bufferline.constants')
3261.206  000.220  000.220: require('bufferline.colors')
3261.672  000.301  000.301: require('bufferline.highlights')
3264.842  002.335  002.335: require('bufferline.hover')
3265.454  000.455  000.455: require('bufferline.ui')
3266.701  000.182  000.182: sourcing C:/Users/Admin/AppData/Local/nvim-data/lazy/vimtex/plugin/vimtex.vim
3267.383  000.085  000.085: sourcing C:/Users/Admin/AppData/Local/nvim-data/lazy/vimtex/ftdetect/cls.vim
3267.675  000.070  000.070: sourcing C:/Users/Admin/AppData/Local/nvim-data/lazy/vimtex/ftdetect/tex.vim
3268.663  000.165  000.165: sourcing C:/Users/Admin/AppData/Local/nvim-data/lazy/vimtex/ftdetect/tikz.vim
3292.911  000.337  000.337: require('noice.util.lazy')
3292.935  004.405  004.069: require('noice')
3293.645  000.385  000.385: require('vim.health')
3294.243  000.242  000.242: require('noice.util.call')
3294.259  000.593  000.350: require('noice.util')
3294.268  001.323  000.346: require('noice.health')
3294.634  000.335  000.335: require('noice.config')
3300.164  000.873  000.873: sourcing C:/Users/Admin/AppData/Local/nvim-data/lazy/leap.nvim/plugin/init.lua
3305.561  005.272  005.272: require('leap')
3305.960  000.377  000.377: require('leap.user')
3331.123  024.544  024.544: require('alpha.themes.dashboard')
3346.202  015.030  015.030: require('alpha')
3347.552  000.327  000.327: sourcing D:\Software\Neovim\share/nvim/runtime/plugin/editorconfig.lua
3348.409  000.360  000.360: sourcing D:\Software\Neovim\share/nvim/runtime/plugin/gzip.vim
3349.253  000.330  000.330: sourcing D:\Software\Neovim\share/nvim/runtime/plugin/man.lua
3362.662  000.625  000.625: sourcing D:\Software\Neovim\share\nvim\runtime\pack\dist\opt\matchit\plugin\matchit.vim
3362.830  013.123  012.498: sourcing D:\Software\Neovim\share/nvim/runtime/plugin/matchit.vim
3363.827  000.408  000.408: sourcing D:\Software\Neovim\share/nvim/runtime/plugin/matchparen.vim
3364.446  000.076  000.076: sourcing D:\Software\Neovim\share/nvim/runtime/plugin/netrwPlugin.vim
3365.280  000.326  000.326: sourcing D:\Software\Neovim\share/nvim/runtime/plugin/osc52.lua
3366.922  000.060  000.060: sourcing C:\Users\Admin\AppData\Local\nvim-data/rplugin.vim
3366.966  001.037  000.977: sourcing D:\Software\Neovim\share/nvim/runtime/plugin/rplugin.vim
3367.774  000.206  000.206: sourcing D:\Software\Neovim\share/nvim/runtime/plugin/shada.vim
3369.037  000.179  000.179: sourcing D:\Software\Neovim\share/nvim/runtime/plugin/spellfile.vim
3370.012  000.298  000.298: sourcing D:\Software\Neovim\share/nvim/runtime/plugin/tarPlugin.vim
3371.070  000.383  000.383: sourcing D:\Software\Neovim\share/nvim/runtime/plugin/tohtml.lua
3371.878  000.110  000.110: sourcing D:\Software\Neovim\share/nvim/runtime/plugin/tutor.vim
3372.998  000.431  000.431: sourcing D:\Software\Neovim\share/nvim/runtime/plugin/zipPlugin.vim
3374.226  000.362  000.362: sourcing C:\Users\Admin\AppData\Local\nvim-data\lazy\indent-blankline.nvim\after/plugin/commands.lua
3374.398  3282.139  160.968: require('lazy_load')
3375.028  000.316  000.316: require('project_setup.conventional')
3376.135  000.382  000.382: require('project_setup.platformio.utils')
3376.146  000.719  000.337: require('project_setup.platformio.piocmd')
3376.413  000.259  000.259: require('project_setup.platformio.piodb')
3376.736  000.312  000.312: require('project_setup.platformio.piodebug')
3377.462  000.335  000.335: require('project_setup.platformio.setup')
3377.474  000.728  000.392: require('project_setup.platformio.pioinit')
3378.251  000.441  000.441: require('plenary.curl')
3378.266  000.767  000.326: require('project_setup.platformio.piolib')
3378.538  000.263  000.263: require('project_setup.platformio.piomon')
3378.859  000.310  000.310: require('project_setup.platformio.piorun')
3378.958  003.898  000.540: require('project_setup.platformio')
3379.136  004.729  000.516: require('project_setup')
3379.147  3299.669  000.986: sourcing C:\Users\Admin\AppData\Local\nvim\init.lua
3379.216  004.852: sourcing vimrc file(s)
3384.453  000.239  000.239: sourcing D:\Software\Neovim\share\nvim\runtime\filetype.lua
3388.868  000.383  000.383: sourcing D:\Software\Neovim\share\nvim\runtime\syntax\synload.vim
3389.295  003.286  002.903: sourcing D:\Software\Neovim\share/nvim/runtime/syntax/syntax.vim
3389.375  006.633: inits 3
3393.261  003.886: reading ShaDa
3396.308  000.486  000.486: sourcing C:\Users\Admin\AppData\Local\nvim-data\lazy\coc.nvim\autoload\coc\window.vim
3396.665  002.918: opening buffers
3397.780  000.547  000.547: require('coc.diagnostic')
3398.937  000.844  000.844: require('bufferline.state')
3398.965  000.909: BufEnter autocommands
3398.976  000.011: editing files in windows
3398.997  000.022: --- NVIM STARTED ---

