--- Startup times for process: Primary/TUI ---

times in msec
 clock   self+sourced   self:  sourced script
 clock   elapsed:              other lines

000.013  000.013: --- NVIM STARTING ---
000.074  000.061: event init
000.213  000.139: early init
018.594  018.381: locale set
018.652  000.059: init first window
019.439  000.786: inits 1
019.837  000.398: window checked
019.848  000.011: parsing arguments
021.099  000.408  000.408: require('vim.shared')
021.787  000.221  000.221: require('vim.inspect')
022.174  000.369  000.369: require('vim._options')
022.180  001.071  000.481: require('vim._editor')
022.184  001.620  000.141: require('vim._init_packages')
022.196  000.729: init lua interpreter
030.416  008.220: --- NVIM STARTED ---

--- Startup times for process: Embedded ---

times in msec
 clock   self+sourced   self:  sourced script
 clock   elapsed:              other lines

000.008  000.008: --- NVIM STARTING ---
000.086  000.078: event init
000.256  000.170: early init
019.522  019.266: locale set
019.575  000.053: init first window
020.102  000.528: inits 1
020.159  000.056: window checked
020.169  000.010: parsing arguments
021.986  000.521  000.521: require('vim.shared')
023.145  000.400  000.400: require('vim.inspect')
024.945  001.743  001.743: require('vim._options')
025.083  003.080  000.937: require('vim._editor')
025.093  003.833  000.232: require('vim._init_packages')
025.221  001.220: init lua interpreter
026.474  001.253: expanding arguments
026.587  000.113: inits 2
027.321  000.734: init highlight
027.331  000.010: waiting for UI
027.934  000.603: done waiting for UI
027.945  000.011: clear screen
028.446  000.057  000.057: require('vim.keymap')
038.136  009.100  009.100: require('vim.termcap')
040.275  002.064  002.064: require('vim.text')
056.395  028.442  017.222: require('vim._defaults')
056.415  000.028: init default mappings & autocommands
057.997  000.140  000.140: sourcing D:\Software\Neovim\share\nvim\runtime\ftplugin.vim
059.262  000.090  000.090: sourcing D:\Software\Neovim\share\nvim\runtime\indent.vim
069.439  008.324  008.324: sourcing C:\Users\Admin\AppData\Local\nvim-data\site\pack\packer\start\doom-themes.nvim\colors\doom-gruvbox.vim
070.810  001.307  001.307: require('keymaps')
071.072  000.251  000.251: require('autocmds')
071.244  000.165  000.165: require('utils')
083.578  012.024  012.024: require('lazy')
083.650  000.032  000.032: require('ffi')
084.580  000.412  000.412: require('vim.fs')
087.855  003.258  003.258: require('vim.uri')
087.907  004.249  000.578: require('vim.loader')
088.927  000.892  000.892: require('lazy.stats')
090.218  000.574  000.574: require('lazy.core.util')
090.804  000.568  000.568: require('lazy.core.config')
091.332  000.233  000.233: require('lazy.core.handler')
092.081  000.278  000.278: require('lazy.pkg')
092.101  000.536  000.258: require('lazy.core.meta')
092.112  000.762  000.226: require('lazy.core.plugin')
092.122  001.308  000.313: require('lazy.core.loader')
093.025  000.239  000.239: require('lazy.core.fragments')
100.910  000.275  000.275: require('lazy.core.handler.keys')
101.133  000.207  000.207: require('lazy.core.handler.cmd')
101.345  000.201  000.201: require('lazy.core.handler.event')
101.533  000.180  000.180: require('lazy.core.handler.ft')
104.642  001.925  001.925: sourcing D:\Software\Neovim\share/nvim/runtime/filetype.lua
120.808  000.490  000.490: require('notify.util.queue')
120.825  001.096  000.606: require('notify.util')
121.299  000.468  000.468: require('notify.config.highlights')
121.311  002.288  000.724: require('notify.config')
122.578  000.477  000.477: require('notify.stages')
123.177  000.564  000.564: require('notify.service.notification')
125.341  000.506  000.506: require('notify.animate.spring')
125.358  001.526  001.020: require('notify.animate')
125.386  002.196  000.670: require('notify.windows')
127.556  000.756  000.756: require('notify.service.buffer.highlights')
127.651  001.616  000.860: require('notify.service.buffer')
127.663  002.270  000.654: require('notify.service')
128.338  000.666  000.666: require('notify.stages.util')
128.353  007.036  000.864: require('notify.instance')
128.365  014.004  004.680: require('notify')
128.882  000.388  000.388: require('notify.stages.static')
129.792  000.245  000.245: require('noice.util.lazy')
129.807  000.534  000.289: require('noice')
132.652  002.467  002.467: require('vim.health')
133.469  000.291  000.291: require('noice.util.call')
133.485  000.813  000.523: require('noice.util')
133.494  003.681  000.400: require('noice.health')
133.908  000.387  000.387: require('noice.config')
136.341  000.151  000.151: sourcing C:/Users/Admin/AppData/Local/nvim-data/lazy/nvim-transparent/plugin/transparent.vim
136.933  000.250  000.250: require('transparent.config')
137.238  000.279  000.279: require('transparent.cache')
137.427  000.991  000.462: require('transparent')
145.737  000.107  000.107: sourcing C:/Users/Admin/AppData/Local/nvim-data/lazy/plenary.nvim/plugin/plenary.vim
146.442  000.353  000.353: sourcing C:/Users/Admin/AppData/Local/nvim-data/lazy/telescope.nvim/plugin/telescope.lua
146.938  000.426  000.426: require('telescope.builtin')
149.326  000.678  000.678: sourcing C:/Users/Admin/AppData/Local/nvim-data/lazy/leap.nvim/plugin/init.lua
149.820  000.381  000.381: require('leap')
150.414  000.582  000.582: require('leap.user')
153.366  000.138  000.138: sourcing C:/Users/Admin/AppData/Local/nvim-data/lazy/vimtex/plugin/vimtex.vim
153.733  000.070  000.070: sourcing C:/Users/Admin/AppData/Local/nvim-data/lazy/vimtex/ftdetect/cls.vim
154.000  000.063  000.063: sourcing C:/Users/Admin/AppData/Local/nvim-data/lazy/vimtex/ftdetect/tex.vim
154.269  000.067  000.067: sourcing C:/Users/Admin/AppData/Local/nvim-data/lazy/vimtex/ftdetect/tikz.vim
162.662  000.650  000.650: require('ufo.utils')
162.713  005.934  005.283: require('ufo')
164.451  000.292  000.292: require('ufo.lib.disposable')
164.768  000.305  000.305: require('ufo.lib.log')
164.776  001.105  000.509: require('ufo.lib.event')
170.004  002.087  002.087: require('promise-async.utils')
170.265  000.250  000.250: require('promise-async.error')
170.479  000.202  000.202: require('promise-async.loop')
170.494  005.451  002.911: require('promise')
170.501  005.721  000.270: require('ufo.provider')
171.144  000.395  000.395: require('ufo.config')
171.591  000.205  000.205: require('promise-async.compat')
171.609  000.457  000.252: require('async')
173.484  001.217  001.217: require('ufo.model.buffer')
174.817  001.312  001.312: require('ufo.model.foldedline')
176.324  000.582  000.582: require('ufo.highlight')
176.513  000.178  000.178: require('ufo.render.extmark')
178.022  000.232  000.232: require('vim.treesitter.language')
178.253  000.217  000.217: require('vim.func')
178.467  000.203  000.203: require('vim.func._memoize')
178.496  000.963  000.312: require('vim.treesitter.query')
178.702  000.200  000.200: require('vim.treesitter._range')
178.730  001.472  000.308: require('vim.treesitter.languagetree')
178.742  001.738  000.266: require('vim.treesitter')
178.757  002.061  000.323: require('vim.treesitter.highlighter')
178.762  002.241  000.180: require('ufo.render.treesitter')
178.941  000.176  000.176: require('ufo.render.match')
178.955  003.963  000.787: require('ufo.render')
178.971  007.143  000.651: require('ufo.model.foldbuffer')
179.147  000.171  000.171: require('ufo.bufmanager')
180.720  000.251  000.251: require('ufo.wffi')
180.730  001.575  001.324: require('ufo.fold.driver')
180.737  009.124  000.234: require('ufo.fold.manager')
180.931  000.188  000.188: require('ufo.lib.debounce')
181.015  010.510  000.346: require('ufo.fold')
181.400  000.178  000.178: require('ufo.model.window')
181.411  000.391  000.212: require('ufo.decorator')
181.815  000.184  000.184: require('ufo.preview.floatwin')
182.058  000.237  000.237: require('ufo.preview.scrollbar')
182.306  000.239  000.239: require('ufo.preview.winbar')
182.554  000.238  000.238: require('ufo.preview.keymap')
182.569  001.154  000.255: require('ufo.preview')
182.579  019.856  000.976: require('ufo.main')
188.533  000.208  000.208: require('telescope.state')
189.627  000.205  000.205: require('plenary.bit')
189.861  000.220  000.220: require('plenary.functional')
189.896  000.753  000.328: require('plenary.path')
189.904  001.045  000.292: require('plenary.strings')
190.335  000.426  000.426: require('telescope.deprecated')
194.730  000.078  000.078: require('vim.F')
194.798  001.800  001.722: require('plenary.log')
194.993  002.958  001.158: require('telescope.log')
196.227  000.400  000.400: require('plenary.compat')
196.255  000.800  000.401: require('plenary.job')
196.345  001.345  000.544: require('telescope.utils')
196.367  006.014  001.711: require('telescope.sorters')
198.541  009.995  002.510: require('telescope.config')
198.556  010.550  000.347: require('telescope.actions.state')
198.728  010.936  000.385: require('telescope._extensions.file_browser.utils')
200.357  000.732  000.732: require('vim.lsp.log')
201.793  001.415  001.415: require('vim.lsp.protocol')
203.965  001.048  001.048: require('vim.lsp._snippet_grammar')
204.292  000.308  000.308: require('vim.highlight')
204.322  002.510  001.153: require('vim.lsp.util')
204.922  000.280  000.280: require('vim.lsp.sync')
204.937  000.607  000.327: require('vim.lsp._changetracking')
205.299  000.356  000.356: require('vim.lsp.rpc')
205.423  006.317  000.698: require('vim.lsp')
205.468  006.732  000.415: require('telescope._extensions.file_browser.lsp')
207.391  000.427  000.427: require('plenary.window.border')
207.940  000.504  000.504: require('plenary.window')
208.181  000.223  000.223: require('plenary.popup.utils')
208.194  001.870  000.716: require('plenary.popup')
208.503  000.303  000.303: require('telescope.pickers.scroller')
208.812  000.299  000.299: require('telescope.actions.utils')
209.411  000.284  000.284: require('telescope.actions.mt')
209.457  000.636  000.352: require('telescope.actions.set')
210.153  000.324  000.324: require('telescope.config.resolve')
210.179  000.715  000.391: require('telescope.pickers.entry_display')
210.494  000.306  000.306: require('telescope.from_entry')
210.691  005.218  001.088: require('telescope.actions')
211.605  000.906  000.906: require('plenary.scandir')
212.866  000.259  000.259: require('plenary.tbl')
212.878  000.489  000.230: require('plenary.vararg.rotate')
212.884  000.731  000.242: require('plenary.vararg')
213.108  000.219  000.219: require('plenary.errors')
213.119  001.198  000.249: require('plenary.async.async')
214.081  000.246  000.246: require('plenary.async.structs')
214.164  000.595  000.349: require('plenary.async.control')
214.176  000.832  000.237: require('plenary.async.util')
214.196  001.071  000.238: require('plenary.async.tests')
214.204  002.587  000.318: require('plenary.async')
214.256  028.978  002.600: require('telescope._extensions.file_browser.actions')
214.924  000.340  000.340: require('telescope._extensions')
214.936  000.673  000.333: require('telescope')
231.130  000.248  000.248: require('telescope._extensions.file_browser.git')
231.358  000.211  000.211: require('telescope._extensions.file_browser.make_entry_utils')
231.622  000.253  000.253: require('telescope._extensions.file_browser.fs_stat')
231.634  001.018  000.306: require('telescope._extensions.file_browser.make_entry')
232.372  000.165  000.165: require('plenary.class')
232.503  000.592  000.428: require('telescope._')
232.877  000.367  000.367: require('telescope.make_entry')
232.885  001.246  000.287: require('telescope.finders.async_oneshot_finder')
233.341  000.213  000.213: require('telescope.finders.async_static_finder')
233.603  000.252  000.252: require('telescope.finders.async_job_finder')
233.617  000.729  000.263: require('telescope.finders')
233.628  003.339  000.346: require('telescope._extensions.file_browser.finders')
237.565  000.082  000.082: sourcing C:/Users/Admin/AppData/Local/nvim-data/lazy/nvim-web-devicons/plugin/nvim-web-devicons.vim
244.944  003.123  003.123: require('nvim-tree.log')
245.726  000.360  000.360: require('nvim-tree.iterators.node-iterator')
245.842  000.879  000.519: require('nvim-tree.utils')
248.018  000.306  000.306: require('nvim-tree.notify')
248.039  000.809  000.504: require('nvim-tree.events')
248.048  001.125  000.316: require('nvim-tree.core')
248.793  000.446  000.446: require('nvim-tree.git.utils')
249.060  000.257  000.257: require('nvim-tree.renderer.components.devicons')
249.648  000.256  000.256: require('nvim-tree.classic')
249.683  000.612  000.356: require('nvim-tree.node')
249.696  001.642  000.327: require('nvim-tree.node.directory')
249.702  003.083  000.315: require('nvim-tree.actions.finders.find-file')
249.982  000.275  000.275: require('nvim-tree.actions.finders.search-node')
250.007  003.837  000.479: require('nvim-tree.actions.finders')
251.079  000.389  000.389: require('nvim-tree.node.file')
251.093  000.805  000.417: require('nvim-tree.actions.fs.create-file')
251.817  000.410  000.410: require('nvim-tree.lib')
252.410  000.278  000.278: require('nvim-tree.node.link')
252.456  000.624  000.347: require('nvim-tree.node.directory-link')
252.465  001.366  000.332: require('nvim-tree.actions.fs.remove-file')
252.822  000.352  000.352: require('nvim-tree.actions.fs.rename-file')
253.197  000.362  000.362: require('nvim-tree.actions.fs.trash')
253.207  003.195  000.309: require('nvim-tree.actions.fs')
254.432  000.414  000.414: require('nvim-tree.diagnostics')
254.452  000.761  000.346: require('nvim-tree.actions.moves.item')
254.825  000.365  000.365: require('nvim-tree.actions.moves.parent')
255.183  000.345  000.345: require('nvim-tree.actions.moves.sibling')
255.197  001.985  000.514: require('nvim-tree.actions.moves')
256.376  000.506  000.506: require('nvim-tree.actions.node.file-popup')
256.941  000.533  000.533: require('nvim-tree.actions.node.open-file')
257.300  000.347  000.347: require('nvim-tree.actions.node.run-command')
257.756  000.445  000.445: require('nvim-tree.actions.node.system-open')
258.012  000.246  000.246: require('nvim-tree.actions.node.buffer')
258.024  002.819  000.743: require('nvim-tree.actions.node')
258.628  000.312  000.312: require('nvim-tree.actions.root.change-dir')
258.896  000.255  000.255: require('nvim-tree.actions.root.dir-up')
258.905  000.852  000.285: require('nvim-tree.actions.root')
259.478  000.277  000.277: require('nvim-tree.actions.tree.find-file')
260.115  000.294  000.294: require('nvim-tree.actions.tree.modifiers.collapse')
260.419  000.291  000.291: require('nvim-tree.actions.tree.modifiers.expand')
260.431  000.921  000.337: require('nvim-tree.actions.tree.modifiers')
260.669  000.232  000.232: require('nvim-tree.actions.tree.open')
260.947  000.267  000.267: require('nvim-tree.actions.tree.toggle')
261.275  000.316  000.316: require('nvim-tree.actions.tree.resize')
261.287  002.373  000.359: require('nvim-tree.actions.tree')
261.311  015.461  000.400: require('nvim-tree.actions')
263.037  001.678  001.678: require('vim.diagnostic')
263.169  025.510  004.369: require('nvim-tree')
264.031  000.729  000.729: require('nvim-tree.legacy')
267.579  000.336  000.336: require('nvim-tree.keymap')
267.921  000.328  000.328: require('nvim-tree.appearance')
268.953  000.219  000.219: require('nvim-tree.buffers')
269.443  000.197  000.197: require('nvim-tree.git.runner')
269.711  000.256  000.256: require('nvim-tree.watcher')
269.723  000.759  000.307: require('nvim-tree.git')
270.111  000.193  000.193: require('nvim-tree.node.file-link')
270.123  000.395  000.202: require('nvim-tree.node.factory')
270.309  000.180  000.180: require('nvim-tree.node.root')
270.684  000.187  000.187: require('nvim-tree.enum')
270.696  000.380  000.193: require('nvim-tree.explorer.filters')
270.921  000.220  000.220: require('nvim-tree.marks')
271.116  000.189  000.189: require('nvim-tree.explorer.live-filter')
271.308  000.185  000.185: require('nvim-tree.explorer.sorter')
271.560  000.244  000.244: require('nvim-tree.actions.fs.clipboard')
272.495  000.326  000.326: require('nvim-tree.renderer.decorator')
272.514  000.527  000.202: require('nvim-tree.renderer.decorator.bookmarks')
273.014  000.491  000.491: require('nvim-tree.renderer.decorator.copied')
273.699  000.660  000.660: require('nvim-tree.renderer.decorator.cut')
274.555  000.835  000.835: require('nvim-tree.renderer.decorator.diagnostics')
275.026  000.455  000.455: require('nvim-tree.renderer.decorator.git')
275.513  000.449  000.449: require('nvim-tree.renderer.decorator.hidden')
275.800  000.262  000.262: require('nvim-tree.renderer.decorator.modified')
276.182  000.373  000.373: require('nvim-tree.renderer.decorator.opened')
276.455  000.264  000.264: require('nvim-tree.renderer.decorator.user')
276.737  000.259  000.259: require('nvim-tree.renderer.components.padding')
276.752  004.981  000.408: require('nvim-tree.renderer.builder')
276.782  005.215  000.234: require('nvim-tree.renderer')
277.427  000.300  000.300: require('nvim-tree.globals')
277.592  000.804  000.504: require('nvim-tree.explorer.view')
277.610  009.182  000.391: require('nvim-tree.explorer')
278.047  000.431  000.431: require('nvim-tree.explorer.watch')
279.170  000.472  000.472: require('nvim-tree.renderer.components.full-name')
279.192  001.115  000.643: require('nvim-tree.renderer.components')
321.482  023.790  023.790: require('nvim-web-devicons.filetypes')
365.381  021.870  021.870: require('nvim-web-devicons.default.icons_by_filename')
388.680  023.266  023.266: require('nvim-web-devicons.default.icons_by_file_extension')
411.740  023.026  023.026: require('nvim-web-devicons.default.icons_by_operating_system')
433.782  022.011  022.011: require('nvim-web-devicons.default.icons_by_desktop_environment')
457.068  023.246  023.246: require('nvim-web-devicons.default.icons_by_window_manager')
457.099  135.559  022.140: require('nvim-web-devicons.icons-default')
458.064  178.859  019.510: require('nvim-web-devicons')
468.884  001.168  001.168: require('nvim-tree.help')
470.272  000.614  000.614: require('nvim-tree.appearance.hi-test')
470.479  001.562  000.948: require('nvim-tree.api')
471.057  000.551  000.551: require('nvim-tree.multi-instance-debug')
471.919  000.732  000.732: require('nvim-tree.commands')
474.666  001.308  001.308: require('alpha.themes.dashboard')
475.860  001.098  001.098: require('alpha')
478.520  001.089  001.089: sourcing C:/Users/Admin/AppData/Local/nvim-data/lazy/vim-floaterm/plugin/floaterm.vim
495.216  000.521  000.521: sourcing C:/Users/Admin/AppData/Local/nvim-data/lazy/coc.nvim/plugin/coc.lua
503.079  000.778  000.778: sourcing C:\Users\Admin\AppData\Local\nvim-data\lazy\coc.nvim\autoload\coc\rpc.vim
505.245  001.112  001.112: sourcing C:\Users\Admin\AppData\Local\nvim-data\lazy\coc.nvim\autoload\coc\util.vim
548.353  001.078  001.078: sourcing C:\Users\Admin\AppData\Local\nvim-data\lazy\coc.nvim\autoload\coc\client.vim
583.468  087.705  084.738: sourcing C:/Users/Admin/AppData/Local/nvim-data/lazy/coc.nvim/plugin/coc.vim
594.147  000.318  000.318: sourcing C:/Users/Admin/AppData/Local/nvim-data/lazy/github-nvim-theme/plugin/github_theme.lua
609.708  000.723  000.723: require('outline.utils')
609.788  001.342  000.619: require('outline.config')
609.883  002.063  000.721: require('outline.preview')
611.017  000.504  000.504: require('outline.highlight')
611.039  001.143  000.639: require('outline.view')
611.351  000.305  000.305: require('outline.folding')
612.046  000.402  000.402: require('outline.utils.lsp')
612.425  000.361  000.361: require('outline.symbols')
612.770  000.329  000.329: require('outline.utils.init')
612.788  001.427  000.335: require('outline.parser')
613.132  000.337  000.337: require('outline.providers.init')
613.178  005.798  000.523: require('outline.sidebar')
613.204  010.470  004.673: require('outline')
614.180  000.966  000.966: require('vim.version')
625.561  000.581  000.581: require('lualine_require')
628.827  010.604  010.023: require('lualine')
635.241  000.522  000.522: require('lualine.highlight')
654.531  000.391  000.391: require('lualine.utils.mode')
666.716  001.176  001.176: require('ibl.utils')
666.784  001.726  000.550: require('ibl.config')
668.682  000.910  000.910: require('ibl.indent')
668.736  001.941  001.031: require('ibl.hooks')
668.744  004.122  000.455: require('ibl.highlights')
669.289  000.540  000.540: require('ibl.autocmds')
669.936  000.634  000.634: require('ibl.inlay_hints')
670.440  000.492  000.492: require('ibl.virt_text')
673.577  002.687  002.687: require('ibl.scope_languages')
673.627  003.176  000.489: require('ibl.scope')
673.709  014.427  005.462: require('ibl')
674.842  000.621  000.621: require('vim.iter')
675.616  000.673  000.673: require('vim.lsp.handlers')
681.835  000.374  000.374: require('bufferline.lazy')
682.204  000.347  000.347: require('bufferline.commands')
682.604  000.383  000.383: require('bufferline.config')
682.621  006.452  005.348: require('bufferline')
683.557  000.360  000.360: require('bufferline.utils')
683.571  000.835  000.475: require('bufferline.groups')
683.926  000.253  000.253: require('bufferline.constants')
684.180  000.240  000.240: require('bufferline.colors')
685.282  000.453  000.453: require('bufferline.highlights')
688.284  001.996  001.996: require('bufferline.hover')
688.830  000.431  000.431: require('bufferline.ui')
698.408  008.707  008.707: require('incline.helpers')
700.251  000.405  000.405: require('incline.config.transform')
700.294  000.922  000.517: require('incline.config.schema')
700.908  000.590  000.590: require('incline.config.validate')
701.158  002.308  000.796: require('incline.config')
702.126  000.454  000.454: require('incline.util')
702.570  000.390  000.390: require('incline.debounce')
703.875  000.402  000.402: require('incline.highlight')
703.923  000.904  000.502: require('incline.winline')
703.948  001.345  000.441: require('incline.tabpage')
703.995  002.806  000.617: require('incline.manager')
704.019  005.556  000.443: require('incline')
721.843  000.381  000.381: require('vim.ui')
721.877  000.712  000.330: require('dressing.patch')
721.890  008.402  007.690: require('dressing')
721.924  008.887  000.485: sourcing C:/Users/Admin/AppData/Local/nvim-data/lazy/dressing.nvim/plugin/dressing.lua
723.156  001.101  001.101: require('dressing.config')
725.076  000.428  000.428: sourcing D:\Software\Neovim\share/nvim/runtime/plugin/editorconfig.lua
726.186  000.472  000.472: sourcing D:\Software\Neovim\share/nvim/runtime/plugin/gzip.vim
727.090  000.311  000.311: sourcing D:\Software\Neovim\share/nvim/runtime/plugin/man.lua
735.259  000.585  000.585: sourcing D:\Software\Neovim\share\nvim\runtime\pack\dist\opt\matchit\plugin\matchit.vim
735.405  007.840  007.255: sourcing D:\Software\Neovim\share/nvim/runtime/plugin/matchit.vim
736.299  000.344  000.344: sourcing D:\Software\Neovim\share/nvim/runtime/plugin/matchparen.vim
736.817  000.049  000.049: sourcing D:\Software\Neovim\share/nvim/runtime/plugin/netrwPlugin.vim
737.505  000.310  000.310: sourcing D:\Software\Neovim\share/nvim/runtime/plugin/osc52.lua
739.254  000.165  000.165: sourcing C:\Users\Admin\AppData\Local\nvim-data/rplugin.vim
739.354  001.221  001.056: sourcing D:\Software\Neovim\share/nvim/runtime/plugin/rplugin.vim
740.813  000.413  000.413: sourcing D:\Software\Neovim\share/nvim/runtime/plugin/shada.vim
741.959  000.127  000.127: sourcing D:\Software\Neovim\share/nvim/runtime/plugin/spellfile.vim
743.145  000.408  000.408: sourcing D:\Software\Neovim\share/nvim/runtime/plugin/tarPlugin.vim
744.781  000.547  000.547: sourcing D:\Software\Neovim\share/nvim/runtime/plugin/tohtml.lua
745.899  000.205  000.205: sourcing D:\Software\Neovim\share/nvim/runtime/plugin/tutor.vim
747.261  000.536  000.536: sourcing D:\Software\Neovim\share/nvim/runtime/plugin/zipPlugin.vim
749.021  000.502  000.502: sourcing C:\Users\Admin\AppData\Local\nvim-data\lazy\indent-blankline.nvim\after/plugin/commands.lua
749.498  678.248  173.873: require('lazy_load')
750.520  000.454  000.454: require('project_setup.conventional')
752.019  000.506  000.506: require('project_setup.platformio.utils')
752.046  000.983  000.477: require('project_setup.platformio.piocmd')
752.506  000.448  000.448: require('project_setup.platformio.piodb')
753.080  000.545  000.545: require('project_setup.platformio.piodebug')
754.203  000.332  000.332: require('telescope.debounce')
754.602  000.382  000.382: require('telescope.mappings')
754.972  000.354  000.354: require('telescope.pickers.highlights')
755.413  000.425  000.425: require('telescope.pickers.window')
756.680  000.746  000.746: require('telescope.algos.linked_list')
756.713  001.285  000.539: require('telescope.entry_manager')
757.332  000.533  000.533: require('telescope.pickers.multi')
757.369  003.967  000.657: require('telescope.pickers')
758.397  000.481  000.481: require('telescope.previewers.previewer')
760.087  000.357  000.357: require('plenary.context_manager')
775.077  000.322  000.322: require('nvim-treesitter.utils')
778.211  003.117  003.117: require('nvim-treesitter.parsers')
779.497  000.228  000.228: require('nvim-treesitter.compat')
780.018  000.248  000.248: require('nvim-treesitter.ts_utils')
780.074  000.559  000.310: require('nvim-treesitter.tsrange')
780.312  000.232  000.232: require('nvim-treesitter.caching')
780.331  001.346  000.327: require('nvim-treesitter.query')
780.350  001.715  000.370: require('nvim-treesitter.configs')
780.357  002.127  000.411: require('nvim-treesitter.info')
780.643  000.280  000.280: require('nvim-treesitter.shell_command_selectors')
780.684  006.338  000.493: require('nvim-treesitter.install')
780.932  000.242  000.242: require('nvim-treesitter.statusline')
781.227  000.283  000.283: require('nvim-treesitter.query_predicates')
781.237  012.691  005.828: require('nvim-treesitter')
781.810  013.576  000.885: sourcing C:/Users/Admin/AppData/Local/nvim-data/lazy/nvim-treesitter/plugin/nvim-treesitter.lua
795.690  000.461  000.461: require('nvim-treesitter.highlight')
796.928  000.723  000.723: require('nvim-treesitter.indent')
797.004  036.877  022.116: require('nvim-treesitter')
797.017  037.791  000.557: require('telescope.previewers.utils')
833.736  075.318  037.527: require('telescope.previewers.term_previewer')
843.202  008.089  008.089: require('plenary.filetype')
873.756  039.977  031.888: require('telescope.previewers.buffer_previewer')
873.790  116.408  000.631: require('telescope.previewers')
874.217  000.414  000.414: require('project_setup.platformio.setup')
874.232  121.134  000.345: require('project_setup.platformio.pioinit')
875.989  001.320  001.320: require('plenary.curl')
876.028  001.788  000.468: require('project_setup.platformio.piolib')
876.469  000.431  000.431: require('project_setup.platformio.piomon')
876.842  000.356  000.356: require('project_setup.platformio.piorun')
876.919  126.372  000.687: require('project_setup.platformio')
877.449  127.933  001.106: require('project_setup')
877.470  817.630  001.402: sourcing C:\Users\Admin\AppData\Local\nvim\init.lua
877.597  003.322: sourcing vimrc file(s)
880.786  000.450  000.450: sourcing D:\Software\Neovim\share\nvim\runtime\filetype.lua
882.487  000.942  000.942: require('vim.treesitter._fold')
886.025  000.223  000.223: sourcing D:\Software\Neovim\share\nvim\runtime\syntax\synload.vim
886.238  002.564  002.341: sourcing D:\Software\Neovim\share/nvim/runtime/syntax/syntax.vim
886.278  004.723: inits 3
888.715  002.438: reading ShaDa
890.795  000.360  000.360: sourcing C:\Users\Admin\AppData\Local\nvim-data\lazy\coc.nvim\autoload\coc\window.vim
891.737  002.662: opening buffers
892.609  000.702  000.702: require('coc.diagnostic')
893.479  000.513  000.513: require('bufferline.state')
893.500  000.548: BufEnter autocommands
893.508  000.008: editing files in windows
893.523  000.015: --- NVIM STARTED ---

